<?xml version="1.0" encoding="UTF-8"?>
<!-- Generated by org.testng.reporters.JUnitReportReporter -->
<testsuite hostname="AnuDriti" failures="1" tests="2" name="cucumberOptions.FailedTestRunner" time="32.264" errors="0" timestamp="2022-06-04T23:27:12 CEST" skipped="0">
  <testcase classname="cucumberOptions.FailedTestRunner" name="runScenario" time="16.964">
    <failure message="expected [Brocolli] but found [No data]" type="java.lang.AssertionError">
      <![CDATA[java.lang.AssertionError: expected [Brocolli] but found [No data]
at org.testng.Assert.fail(Assert.java:110)
at org.testng.Assert.failNotEquals(Assert.java:1413)
at org.testng.Assert.assertEqualsImpl(Assert.java:149)
at org.testng.Assert.assertEquals(Assert.java:131)
at org.testng.Assert.assertEquals(Assert.java:655)
at org.testng.Assert.assertEquals(Assert.java:665)
at stepDefinitions.OfferPageStepDefinition.validate_product_name_in_offers_page_matches_with_landing_page(OfferPageStepDefinition.java:50)
at âœ½.validate product name in offers page matches with landing page(file:///D:/Assignment/SeleniumBDDFramework/src/test/java/features/searchProduct.feature:8)
]]>
    </failure>
  </testcase> <!-- runScenario -->
  <system-out/>
  <testcase classname="cucumberOptions.FailedTestRunner" name="runScenario" time="15.300"/>
  <system-out/>
</testsuite> <!-- cucumberOptions.FailedTestRunner -->
